<?xml version="1.0" encoding="UTF-8"?>
<!-- Generated by org.testng.reporters.JUnitReportReporter -->
<testsuite skipped="0" hostname="shironamheen" name="com.rezaul.newtours.Test.BackToHome" tests="2" failures="0" timestamp="28 Oct 2017 00:02:16 GMT" time="1.471" errors="0">
  <testcase name="checkBacktoHomePageTitle" time="0.602" classname="com.rezaul.newtours.Test.BackToHome"/>
  <testcase name="backtohometest" time="0.869" classname="com.rezaul.newtours.Test.BackToHome"/>
</testsuite> <!-- com.rezaul.newtours.Test.BackToHome -->
