<?xml version="1.0" encoding="UTF-8"?>
<!-- Generated by org.testng.reporters.JUnitReportReporter -->
<testsuite skipped="0" hostname="shironamheen" name="com.rezaul.newtours.Test.LoginTest" tests="2" failures="0" timestamp="28 Oct 2017 00:02:16 GMT" time="4.475" errors="0">
  <testcase name="checkloginpagetitle" time="3.866" classname="com.rezaul.newtours.Test.LoginTest"/>
  <testcase name="logintest" time="0.609" classname="com.rezaul.newtours.Test.LoginTest"/>
</testsuite> <!-- com.rezaul.newtours.Test.LoginTest -->
