<?xml version="1.0" encoding="UTF-8"?>
<!-- Generated by org.testng.reporters.JUnitReportReporter -->
<testsuite skipped="0" hostname="shironamheen" name="com.rezaul.newtours.Test.SelectFlightTest" tests="2" failures="0" timestamp="28 Oct 2017 00:02:16 GMT" time="1.707" errors="0">
  <testcase name="checkSelectFlightPageTitle" time="1.138" classname="com.rezaul.newtours.Test.SelectFlightTest"/>
  <testcase name="selectflighttest" time="0.569" classname="com.rezaul.newtours.Test.SelectFlightTest"/>
</testsuite> <!-- com.rezaul.newtours.Test.SelectFlightTest -->
