<?xml version="1.0" encoding="UTF-8"?>
<!-- Generated by org.testng.reporters.JUnitReportReporter -->
<testsuite skipped="0" hostname="shironamheen" name="com.rezaul.newtours.Utils.DriverManager" tests="1" failures="0" timestamp="28 Oct 2017 00:02:16 GMT" time="0.008" errors="0">
  <testcase name="driverexecution" time="0.008" classname="com.rezaul.newtours.Utils.DriverManager"/>
</testsuite> <!-- com.rezaul.newtours.Utils.DriverManager -->
