<?xml version="1.0" encoding="UTF-8"?>
<!-- Generated by org.testng.reporters.JUnitReportReporter -->
<testsuite skipped="0" hostname="shironamheen" name="com.rezaul.newtours.Test.FlightFinderTest" tests="2" failures="0" timestamp="28 Oct 2017 00:02:16 GMT" time="6.111" errors="0">
  <testcase name="checkFlightFindPageTitle" time="3.325" classname="com.rezaul.newtours.Test.FlightFinderTest"/>
  <testcase name="flightfindertest" time="2.786" classname="com.rezaul.newtours.Test.FlightFinderTest"/>
</testsuite> <!-- com.rezaul.newtours.Test.FlightFinderTest -->
