<?xml version="1.0" encoding="UTF-8"?>
<!-- Generated by org.testng.reporters.JUnitReportReporter -->
<testsuite skipped="0" hostname="shironamheen" name="com.rezaul.newtours.Test.BookFlightTest" tests="2" failures="0" timestamp="28 Oct 2017 00:02:16 GMT" time="2.708" errors="0">
  <testcase name="checkBookFlightPageTitle" time="1.140" classname="com.rezaul.newtours.Test.BookFlightTest"/>
  <testcase name="bookflighttest" time="1.568" classname="com.rezaul.newtours.Test.BookFlightTest"/>
</testsuite> <!-- com.rezaul.newtours.Test.BookFlightTest -->
