<?xml version="1.0" encoding="UTF-8"?>
<!-- Generated by org.testng.reporters.JUnitReportReporter -->
<testsuite skipped="0" hostname="shironamheen" name="com.rezaul.newtours.Test.SelectFlight" tests="2" failures="0" timestamp="27 Oct 2017 21:25:37 GMT" time="1.182" errors="0">
  <testcase name="checkSelectFlightPageTitle" time="0.610" classname="com.rezaul.newtours.Test.SelectFlight"/>
  <testcase name="selectflighttest" time="0.572" classname="com.rezaul.newtours.Test.SelectFlight"/>
</testsuite> <!-- com.rezaul.newtours.Test.SelectFlight -->
